<?xml version="1.0" encoding="UTF-8"?>
<!-- Generated by org.testng.reporters.JUnitXMLReporter -->
<testsuite ignored="0" hostname="DESKTOP-F78VU5T" failures="0" tests="5" name="Surefire test" time="50.577" errors="0" timestamp="14 груд. 2021 20:19:47 GMT">
  <testcase classname="BasketTests.BasketTest" name="checkThatProductIsInBucketAndBlowPrice" time="22.168"/>
  <testcase classname="BasketTests.BasketTest" name="checkThatProductIsInBucketAndBlowPrice" time="23.019"/>
  <testcase classname="BasketTests.BasketTest" name="checkThatProductIsInBucketAndBlowPrice" time="26.402"/>
  <testcase classname="BasketTests.BasketTest" name="checkThatProductIsInBucketAndBlowPrice" time="30.239"/>
  <testcase classname="BasketTests.BasketTest" name="checkThatProductIsInBucketAndBlowPrice" time="33.95"/>
</testsuite> <!-- Surefire test -->
