<?xml version="1.0" encoding="UTF-8"?>
<testng-results ignored="0" total="5" passed="5" failed="0" skipped="0">
  <reporter-output>
  </reporter-output>
  <suite started-at="2021-12-14T20:18:57Z" name="Surefire suite" finished-at="2021-12-14T20:19:47Z" duration-ms="50577">
    <groups>
    </groups>
    <test started-at="2021-12-14T20:18:57Z" name="Surefire test" finished-at="2021-12-14T20:19:47Z" duration-ms="50577">
      <class name="BasketTests.BasketTest">
        <test-method is-config="true" signature="profileSetUp()[pri:0, instance:BasketTests.BasketTest@351d00c0]" started-at="2021-12-14T20:18:57Z" name="profileSetUp" finished-at="2021-12-14T20:18:57Z" duration-ms="647" status="PASS">
          <reporter-output>
          </reporter-output>
        </test-method> <!-- profileSetUp -->
        <test-method is-config="true" signature="testSetUp()[pri:0, instance:BasketTests.BasketTest@351d00c0]" started-at="2021-12-14T20:18:58Z" name="testSetUp" finished-at="2021-12-14T20:19:13Z" duration-ms="15590" status="PASS">
          <reporter-output>
          </reporter-output>
        </test-method> <!-- testSetUp -->
        <test-method is-config="true" signature="testSetUp()[pri:0, instance:BasketTests.BasketTest@351d00c0]" started-at="2021-12-14T20:18:58Z" name="testSetUp" finished-at="2021-12-14T20:19:12Z" duration-ms="14710" status="PASS">
          <reporter-output>
          </reporter-output>
        </test-method> <!-- testSetUp -->
        <test-method is-config="true" signature="testSetUp()[pri:0, instance:BasketTests.BasketTest@351d00c0]" started-at="2021-12-14T20:18:58Z" name="testSetUp" finished-at="2021-12-14T20:19:12Z" duration-ms="14007" status="PASS">
          <reporter-output>
          </reporter-output>
        </test-method> <!-- testSetUp -->
        <test-method is-config="true" signature="testSetUp()[pri:0, instance:BasketTests.BasketTest@351d00c0]" started-at="2021-12-14T20:18:58Z" name="testSetUp" finished-at="2021-12-14T20:19:13Z" duration-ms="14958" status="PASS">
          <reporter-output>
          </reporter-output>
        </test-method> <!-- testSetUp -->
        <test-method is-config="true" signature="testSetUp()[pri:0, instance:BasketTests.BasketTest@351d00c0]" started-at="2021-12-14T20:18:58Z" name="testSetUp" finished-at="2021-12-14T20:19:15Z" duration-ms="17424" status="PASS">
          <reporter-output>
          </reporter-output>
        </test-method> <!-- testSetUp -->
        <test-method signature="checkThatProductIsInBucketAndBlowPrice(java.lang.String, model.Product)[pri:0, instance:BasketTests.BasketTest@351d00c0]" started-at="2021-12-14T20:19:12Z" name="checkThatProductIsInBucketAndBlowPrice" data-provider="data" finished-at="2021-12-14T20:19:34Z" duration-ms="22168" status="PASS">
          <params>
            <param index="0">
              <value>
                <![CDATA[5]]>
              </value>
            </param>
            <param index="1">
              <value>
                <![CDATA[model.Product@48620807]]>
              </value>
            </param>
          </params>
          <reporter-output>
          </reporter-output>
        </test-method> <!-- checkThatProductIsInBucketAndBlowPrice -->
        <test-method signature="checkThatProductIsInBucketAndBlowPrice(java.lang.String, model.Product)[pri:0, instance:BasketTests.BasketTest@351d00c0]" started-at="2021-12-14T20:19:12Z" name="checkThatProductIsInBucketAndBlowPrice" data-provider="data" finished-at="2021-12-14T20:19:43Z" duration-ms="30239" status="PASS">
          <params>
            <param index="0">
              <value>
                <![CDATA[2]]>
              </value>
            </param>
            <param index="1">
              <value>
                <![CDATA[model.Product@5f44a9b1]]>
              </value>
            </param>
          </params>
          <reporter-output>
          </reporter-output>
        </test-method> <!-- checkThatProductIsInBucketAndBlowPrice -->
        <test-method signature="checkThatProductIsInBucketAndBlowPrice(java.lang.String, model.Product)[pri:0, instance:BasketTests.BasketTest@351d00c0]" started-at="2021-12-14T20:19:13Z" name="checkThatProductIsInBucketAndBlowPrice" data-provider="data" finished-at="2021-12-14T20:19:47Z" duration-ms="33950" status="PASS">
          <params>
            <param index="0">
              <value>
                <![CDATA[3]]>
              </value>
            </param>
            <param index="1">
              <value>
                <![CDATA[model.Product@6d836dfe]]>
              </value>
            </param>
          </params>
          <reporter-output>
          </reporter-output>
        </test-method> <!-- checkThatProductIsInBucketAndBlowPrice -->
        <test-method signature="checkThatProductIsInBucketAndBlowPrice(java.lang.String, model.Product)[pri:0, instance:BasketTests.BasketTest@351d00c0]" started-at="2021-12-14T20:19:13Z" name="checkThatProductIsInBucketAndBlowPrice" data-provider="data" finished-at="2021-12-14T20:19:36Z" duration-ms="23019" status="PASS">
          <params>
            <param index="0">
              <value>
                <![CDATA[4]]>
              </value>
            </param>
            <param index="1">
              <value>
                <![CDATA[model.Product@5a103e21]]>
              </value>
            </param>
          </params>
          <reporter-output>
          </reporter-output>
        </test-method> <!-- checkThatProductIsInBucketAndBlowPrice -->
        <test-method signature="checkThatProductIsInBucketAndBlowPrice(java.lang.String, model.Product)[pri:0, instance:BasketTests.BasketTest@351d00c0]" started-at="2021-12-14T20:19:15Z" name="checkThatProductIsInBucketAndBlowPrice" data-provider="data" finished-at="2021-12-14T20:19:42Z" duration-ms="26402" status="PASS">
          <params>
            <param index="0">
              <value>
                <![CDATA[1]]>
              </value>
            </param>
            <param index="1">
              <value>
                <![CDATA[model.Product@7b893ad0]]>
              </value>
            </param>
          </params>
          <reporter-output>
          </reporter-output>
        </test-method> <!-- checkThatProductIsInBucketAndBlowPrice -->
        <test-method is-config="true" signature="tearDown()[pri:0, instance:BasketTests.BasketTest@351d00c0]" started-at="2021-12-14T20:19:34Z" name="tearDown" finished-at="2021-12-14T20:19:35Z" duration-ms="1332" status="PASS">
          <reporter-output>
          </reporter-output>
        </test-method> <!-- tearDown -->
        <test-method is-config="true" signature="tearDown()[pri:0, instance:BasketTests.BasketTest@351d00c0]" started-at="2021-12-14T20:19:36Z" name="tearDown" finished-at="2021-12-14T20:19:37Z" duration-ms="924" status="PASS">
          <reporter-output>
          </reporter-output>
        </test-method> <!-- tearDown -->
        <test-method is-config="true" signature="tearDown()[pri:0, instance:BasketTests.BasketTest@351d00c0]" started-at="2021-12-14T20:19:42Z" name="tearDown" finished-at="2021-12-14T20:19:42Z" duration-ms="898" status="PASS">
          <reporter-output>
          </reporter-output>
        </test-method> <!-- tearDown -->
        <test-method is-config="true" signature="tearDown()[pri:0, instance:BasketTests.BasketTest@351d00c0]" started-at="2021-12-14T20:19:43Z" name="tearDown" finished-at="2021-12-14T20:19:43Z" duration-ms="752" status="PASS">
          <reporter-output>
          </reporter-output>
        </test-method> <!-- tearDown -->
        <test-method is-config="true" signature="tearDown()[pri:0, instance:BasketTests.BasketTest@351d00c0]" started-at="2021-12-14T20:19:47Z" name="tearDown" finished-at="2021-12-14T20:19:47Z" duration-ms="760" status="PASS">
          <reporter-output>
          </reporter-output>
        </test-method> <!-- tearDown -->
      </class> <!-- BasketTests.BasketTest -->
    </test> <!-- Surefire test -->
  </suite> <!-- Surefire suite -->
</testng-results>
